2023-07-13 08:46:15.485 - DBeaver 23.0.5.202305211610 is starting
2023-07-13 08:46:15.485 - OS: Windows 10 10.0 (amd64)
2023-07-13 08:46:15.485 - Java version: 17.0.6 by Eclipse Adoptium (64bit)
2023-07-13 08:46:15.485 - Install path: 'D:\DevRoot\dbeaver'
2023-07-13 08:46:15.485 - Instance path: 'file:/D:/kdt_0900_lsh/dbms/mysql/workspace/'
2023-07-13 08:46:15.485 - Memory available 64Mb/1024Mb
2023-07-13 08:46:15.500 - Create display
2023-07-13 08:46:15.672 - Initializing DBeaver 23.0.5
2023-07-13 08:46:15.672 - Host plugin: org.jkiss.dbeaver.ui.app.standalone 23.0.5.202305211610
2023-07-13 08:46:15.672 - Initialize desktop platform...
2023-07-13 08:46:15.844 - BounceCastle bundle found. Use JCE provider BC
> Start Core File Systems [org.eclipse.core.filesystem 1.9.500.v20220817-1539]
> Start Core Resource Management [org.eclipse.core.resources 3.18.200.v20230209-0754]
> Start DBeaver UI Navigator [org.jkiss.dbeaver.ui.navigator 1.0.106.202305211610]
> Start Team Support Core [org.eclipse.team.core 3.9.700.v20221201-0946]
2023-07-13 08:46:16.264 - Initialize base platform...
> Start Expression Language [org.eclipse.core.expressions 3.8.200.v20220613-1047]
2023-07-13 08:46:16.310 - Platform initialized (638ms)
> Start DBeaver UI Editors - Base [org.jkiss.dbeaver.ui.editors.base 1.0.106.202305211610]
2023-07-13 08:46:16.323 - Starting RMI server at 51530
2023-07-13 08:46:16.417 - Run workbench
> Start DBeaver UI [org.jkiss.dbeaver.ui 5.1.121.202305211610]
> Start Eclipse e4 Workbench SWT [org.eclipse.e4.ui.workbench.swt 0.16.800.v20230220-0932]
> Start Eclipse Application Services [org.eclipse.e4.core.services 2.3.400.v20220915-1347]
> Start Eclipse UI Application Services [org.eclipse.e4.ui.services 1.5.200.v20230220-0932]
> Start Eclipse e4 Progress View [org.eclipse.e4.ui.progress 0.3.700.v20230214-1401]
> Start EMF XML/XMI Persistence [org.eclipse.emf.ecore.xmi 2.18.0.v20230211-1150]
> Start Eclipse CSS SWT Theme Support [org.eclipse.e4.ui.css.swt.theme 0.13.300.v20230220-0932]
> Start Eclipse e4 Workbench Add-ons [org.eclipse.e4.ui.workbench.addons.swt 1.4.600.v20230220-0932]
> Start Eclipse e4 Workbench SWT Renderer [org.eclipse.e4.ui.workbench.renderers.swt 0.15.800.v20230214-1401]
> Start Eclipse Bindings Support [org.eclipse.e4.ui.bindings 0.13.300.v20230220-0932]
> Start Eclipse Dependency Injection Extensions [org.eclipse.e4.core.di.extensions 0.17.200.v20220613-1008]
> Start Eclipse CSS SWT Support [org.eclipse.e4.ui.css.swt 0.14.800.v20230220-0932]
> Start Java Native Access [com.sun.jna 5.12.1.v20221103-2317]
2023-07-13 08:46:25.819 - Configure workbench window
> Start DBeaver SQL Model [org.jkiss.dbeaver.model.sql 1.0.96.202305211610]
2023-07-13 08:46:26.040 - Total database drivers: 102 (102)
> Start Help System Core [org.eclipse.help 3.9.100.v20210721-0601]
2023-07-13 08:46:26.294 - Create actions
2023-07-13 08:46:26.299 - Disable Eclipse action set 'org.eclipse.ui.edit.text.actionSet.annotationNavigation'
2023-07-13 08:46:26.300 - Disable Eclipse action set 'org.eclipse.ui.WorkingSetActionSet'
2023-07-13 08:46:26.300 - Disable Eclipse action set 'org.eclipse.ui.actionSet.openFiles'
2023-07-13 08:46:26.946 - Initialize workbench window
2023-07-13 08:46:26.952 - Finish initialization
> Start Default Text Editor [org.eclipse.ui.editors 3.15.0.v20221201-1935]
> Start Text Editor Framework [org.eclipse.ui.workbench.texteditor 3.16.700.v20230210-0941]
> Start DBeaver UI Editors - Data [org.jkiss.dbeaver.ui.editors.data 1.0.106.202305211610]
> Start DBeaver UI Editors - SQL [org.jkiss.dbeaver.ui.editors.sql 1.0.106.202305211610]
> Start DBeaver SQL Terminal [org.jkiss.dbeaver.ui.editors.sql.terminal 1.0.82.202305211610]
> Start Core Compare Support [org.eclipse.compare.core 3.7.100.v20220812-1406]
> Start Console [org.eclipse.ui.console 3.11.400.v20221012-0524]
> Start Debug Core [org.eclipse.debug.core 3.20.100.v20230124-1239]
> Start Equinox Java Authentication and Authorization Service (JAAS) [org.eclipse.equinox.security 1.3.1000.v20220801-1135]
> Start Internet Connection Management UI [org.eclipse.ui.net 1.4.100.v20220812-1406]
> Start Internet Connection Management [org.eclipse.core.net 1.4.0.v20220813-1037]
> Start DBeaver Sample Database [org.jkiss.dbeaver.ext.sample.database 1.0.143.202305211610]
> Start DBeaver Tip of the day [org.jkiss.dbeaver.ext.ui.tipoftheday 1.0.112.202305211610]
> Start Draw2d [org.eclipse.draw2dl 3.12.100.20230512005007]
> Start GEF3 GEF (MVC) [org.eclipse.gef3 3.12.100.20230512005007]
> Start DBeaver ERD UI [org.jkiss.dbeaver.erd.ui 3.0.66.202305211610]
> Start DBeaver ERD Model [org.jkiss.dbeaver.erd.model 1.0.66.202305211610]
2023-07-13 08:46:31.246 - Connect with 'localhost' (mysql8-1892ea1cbd2-312836335ff0f4b4)
> Start DBeaver MySQL Support [org.jkiss.dbeaver.ext.mysql 2.1.191.202305211610]
2023-07-13 08:46:31.300 - Execution context opened (localhost; Main; 0)
> Start DBeaver GIS Support [org.jkiss.dbeaver.data.gis 1.0.130.202305211610]
2023-07-13 08:46:31.640 - Public Key Retrieval is not allowed
com.mysql.cj.exceptions.UnableToConnectException: Public Key Retrieval is not allowed
	at java.base/jdk.internal.reflect.NativeConstructorAccessorImpl.newInstance0(Native Method)
	at java.base/jdk.internal.reflect.NativeConstructorAccessorImpl.newInstance(Unknown Source)
	at java.base/jdk.internal.reflect.DelegatingConstructorAccessorImpl.newInstance(Unknown Source)
	at java.base/java.lang.reflect.Constructor.newInstanceWithCaller(Unknown Source)
	at java.base/java.lang.reflect.Constructor.newInstance(Unknown Source)
	at com.mysql.cj.exceptions.ExceptionFactory.createException(ExceptionFactory.java:61)
	at com.mysql.cj.exceptions.ExceptionFactory.createException(ExceptionFactory.java:85)
	at com.mysql.cj.protocol.a.authentication.CachingSha2PasswordPlugin.nextAuthenticationStep(CachingSha2PasswordPlugin.java:130)
	at com.mysql.cj.protocol.a.authentication.CachingSha2PasswordPlugin.nextAuthenticationStep(CachingSha2PasswordPlugin.java:49)
	at com.mysql.cj.protocol.a.NativeAuthenticationProvider.proceedHandshakeWithPluggableAuthentication(NativeAuthenticationProvider.java:447)
	at com.mysql.cj.protocol.a.NativeAuthenticationProvider.connect(NativeAuthenticationProvider.java:212)
	at com.mysql.cj.protocol.a.NativeProtocol.connect(NativeProtocol.java:1433)
	at com.mysql.cj.NativeSession.connect(NativeSession.java:133)
	at com.mysql.cj.jdbc.ConnectionImpl.connectOneTryOnly(ConnectionImpl.java:948)
	at com.mysql.cj.jdbc.ConnectionImpl.createNewIO(ConnectionImpl.java:818)
	at com.mysql.cj.jdbc.ConnectionImpl.<init>(ConnectionImpl.java:448)
	at com.mysql.cj.jdbc.ConnectionImpl.getInstance(ConnectionImpl.java:241)
	at com.mysql.cj.jdbc.NonRegisteringDriver.connect(NonRegisteringDriver.java:198)
	at org.jkiss.dbeaver.model.impl.jdbc.JDBCDataSource.lambda$1(JDBCDataSource.java:242)
	at org.jkiss.dbeaver.model.impl.jdbc.JDBCDataSource.lambda$0(JDBCDataSource.java:255)
	at org.jkiss.dbeaver.model.impl.jdbc.JDBCDataSource.openConnection(JDBCDataSource.java:274)
	at org.jkiss.dbeaver.ext.mysql.model.MySQLDataSource.openConnection(MySQLDataSource.java:453)
	at org.jkiss.dbeaver.model.impl.jdbc.JDBCExecutionContext.connect(JDBCExecutionContext.java:103)
	at org.jkiss.dbeaver.model.impl.jdbc.JDBCRemoteInstance.initializeMainContext(JDBCRemoteInstance.java:102)
	at org.jkiss.dbeaver.model.impl.jdbc.JDBCRemoteInstance.<init>(JDBCRemoteInstance.java:61)
	at org.jkiss.dbeaver.model.impl.jdbc.JDBCDataSource.initializeRemoteInstance(JDBCDataSource.java:129)
	at org.jkiss.dbeaver.model.impl.jdbc.JDBCDataSource.<init>(JDBCDataSource.java:107)
	at org.jkiss.dbeaver.model.impl.jdbc.JDBCDataSource.<init>(JDBCDataSource.java:98)
	at org.jkiss.dbeaver.ext.mysql.model.MySQLDataSource.<init>(MySQLDataSource.java:97)
	at org.jkiss.dbeaver.ext.mysql.model.MySQLDataSource.<init>(MySQLDataSource.java:92)
	at org.jkiss.dbeaver.ext.mysql.MySQLDataSourceProvider.openDataSource(MySQLDataSourceProvider.java:151)
	at org.jkiss.dbeaver.registry.DataSourceDescriptor.openDataSource(DataSourceDescriptor.java:1205)
	at org.jkiss.dbeaver.registry.DataSourceDescriptor.connect(DataSourceDescriptor.java:1070)
	at org.jkiss.dbeaver.runtime.jobs.ConnectJob.run(ConnectJob.java:70)
	at org.jkiss.dbeaver.model.runtime.AbstractJob.run(AbstractJob.java:105)
	at org.eclipse.core.internal.jobs.Worker.run(Worker.java:63)
2023-07-13 08:46:33.300 - Open [https://dbeaver.io/product/version.xml]
> Start DBeaver Tasks - Native Tools UI [org.jkiss.dbeaver.tasks.native.ui 1.0.84.202305211610]
> Start DBeaver MySQL UI Support [org.jkiss.dbeaver.ext.mysql.ui 1.0.98.202305211610]
> Start DBeaver Tasks - General UI [org.jkiss.dbeaver.tasks.ui 1.0.84.202305211610]
2023-07-13 08:46:53.148 - Service 'org.jkiss.dbeaver.runtime.IEnvironmentPathMapper' not found
> Start DBeaver UI Editors - Connections [org.jkiss.dbeaver.ui.editors.connection 1.0.97.202305211610]
2023-07-13 08:47:05.350 - Service 'org.jkiss.dbeaver.runtime.ui.UIServiceSecurity' not found
2023-07-13 08:47:17.084 - Connect with 'jdbc:mysql://localhost:3306/' (mysql8-1894c807fc1-6aa7234d6300f027)
2023-07-13 08:47:17.085 - Execution context opened (jdbc:mysql://localhost:3306/; Main; 1)
2023-07-13 08:47:17.152 - Public Key Retrieval is not allowed
com.mysql.cj.exceptions.UnableToConnectException: Public Key Retrieval is not allowed
	at java.base/jdk.internal.reflect.NativeConstructorAccessorImpl.newInstance0(Native Method)
	at java.base/jdk.internal.reflect.NativeConstructorAccessorImpl.newInstance(Unknown Source)
	at java.base/jdk.internal.reflect.DelegatingConstructorAccessorImpl.newInstance(Unknown Source)
	at java.base/java.lang.reflect.Constructor.newInstanceWithCaller(Unknown Source)
	at java.base/java.lang.reflect.Constructor.newInstance(Unknown Source)
	at com.mysql.cj.exceptions.ExceptionFactory.createException(ExceptionFactory.java:61)
	at com.mysql.cj.exceptions.ExceptionFactory.createException(ExceptionFactory.java:85)
	at com.mysql.cj.protocol.a.authentication.CachingSha2PasswordPlugin.nextAuthenticationStep(CachingSha2PasswordPlugin.java:130)
	at com.mysql.cj.protocol.a.authentication.CachingSha2PasswordPlugin.nextAuthenticationStep(CachingSha2PasswordPlugin.java:49)
	at com.mysql.cj.protocol.a.NativeAuthenticationProvider.proceedHandshakeWithPluggableAuthentication(NativeAuthenticationProvider.java:447)
	at com.mysql.cj.protocol.a.NativeAuthenticationProvider.connect(NativeAuthenticationProvider.java:212)
	at com.mysql.cj.protocol.a.NativeProtocol.connect(NativeProtocol.java:1433)
	at com.mysql.cj.NativeSession.connect(NativeSession.java:133)
	at com.mysql.cj.jdbc.ConnectionImpl.connectOneTryOnly(ConnectionImpl.java:948)
	at com.mysql.cj.jdbc.ConnectionImpl.createNewIO(ConnectionImpl.java:818)
	at com.mysql.cj.jdbc.ConnectionImpl.<init>(ConnectionImpl.java:448)
	at com.mysql.cj.jdbc.ConnectionImpl.getInstance(ConnectionImpl.java:241)
	at com.mysql.cj.jdbc.NonRegisteringDriver.connect(NonRegisteringDriver.java:198)
	at org.jkiss.dbeaver.model.impl.jdbc.JDBCDataSource.lambda$1(JDBCDataSource.java:242)
	at org.jkiss.dbeaver.model.impl.jdbc.JDBCDataSource.lambda$0(JDBCDataSource.java:255)
	at org.jkiss.dbeaver.model.impl.jdbc.JDBCDataSource.openConnection(JDBCDataSource.java:274)
	at org.jkiss.dbeaver.ext.mysql.model.MySQLDataSource.openConnection(MySQLDataSource.java:453)
	at org.jkiss.dbeaver.model.impl.jdbc.JDBCExecutionContext.connect(JDBCExecutionContext.java:103)
	at org.jkiss.dbeaver.model.impl.jdbc.JDBCRemoteInstance.initializeMainContext(JDBCRemoteInstance.java:102)
	at org.jkiss.dbeaver.model.impl.jdbc.JDBCRemoteInstance.<init>(JDBCRemoteInstance.java:61)
	at org.jkiss.dbeaver.model.impl.jdbc.JDBCDataSource.initializeRemoteInstance(JDBCDataSource.java:129)
	at org.jkiss.dbeaver.model.impl.jdbc.JDBCDataSource.<init>(JDBCDataSource.java:107)
	at org.jkiss.dbeaver.model.impl.jdbc.JDBCDataSource.<init>(JDBCDataSource.java:98)
	at org.jkiss.dbeaver.ext.mysql.model.MySQLDataSource.<init>(MySQLDataSource.java:97)
	at org.jkiss.dbeaver.ext.mysql.model.MySQLDataSource.<init>(MySQLDataSource.java:92)
	at org.jkiss.dbeaver.ext.mysql.MySQLDataSourceProvider.openDataSource(MySQLDataSourceProvider.java:151)
	at org.jkiss.dbeaver.registry.DataSourceDescriptor.openDataSource(DataSourceDescriptor.java:1205)
	at org.jkiss.dbeaver.registry.DataSourceDescriptor.connect(DataSourceDescriptor.java:1070)
	at org.jkiss.dbeaver.runtime.jobs.ConnectJob.run(ConnectJob.java:70)
	at org.jkiss.dbeaver.runtime.jobs.ConnectionTestJob.run(ConnectionTestJob.java:103)
	at org.jkiss.dbeaver.model.runtime.AbstractJob.run(AbstractJob.java:105)
	at org.eclipse.core.internal.jobs.Worker.run(Worker.java:63)
2023-07-13 08:47:50.788 - Service 'org.jkiss.dbeaver.runtime.ui.UIServiceSecurity' not found
2023-07-13 08:47:52.687 - Connect with 'jdbc:mysql://localhost:3306/' (mysql8-1894c810ade-5b287704918f4d1c)
2023-07-13 08:47:52.689 - Execution context opened (jdbc:mysql://localhost:3306/; Main; 2)
2023-07-13 08:47:52.853 - Connected (mysql8-1894c810ade-5b287704918f4d1c, MySQL Connector/J [mysql-connector-java-8.0.29 (Revision: dd61577595edad45c398af508cf91ad26fc4144f)])
2023-07-13 08:47:52.908 - Execution context closed (jdbc:mysql://localhost:3306/, 2)
2023-07-13 08:47:52.908 - Disconnected (mysql8-1894c810ade-5b287704918f4d1c)
2023-07-13 08:48:27.043 - Connect with 'localhost' (mysql8-1892ea1cbd2-312836335ff0f4b4)
2023-07-13 08:48:27.044 - Execution context opened (localhost; Main; 3)
2023-07-13 08:48:27.050 - Execution context opened (localhost; Metadata; 4)
2023-07-13 08:48:27.074 - Connected (mysql8-1892ea1cbd2-312836335ff0f4b4, MySQL Connector/J [mysql-connector-java-8.0.29 (Revision: dd61577595edad45c398af508cf91ad26fc4144f)])
2023-07-13 08:48:27.120 - Execution context opened (localhost; SQLEditor <DML.sql>; 5)
> Start ICU4J Base [com.ibm.icu.base 58.2.0.v20170418-1837]
2023-07-13 08:48:39.823 - SQL Error [1146] [42S02]: Table 'study.tbl_child' doesn't exist
org.jkiss.dbeaver.model.sql.DBSQLException: SQL Error [1146] [42S02]: Table 'study.tbl_child' doesn't exist
	at org.jkiss.dbeaver.model.impl.jdbc.exec.JDBCStatementImpl.executeStatement(JDBCStatementImpl.java:133)
	at org.jkiss.dbeaver.ui.editors.sql.execute.SQLQueryJob.executeStatement(SQLQueryJob.java:582)
	at org.jkiss.dbeaver.ui.editors.sql.execute.SQLQueryJob.lambda$1(SQLQueryJob.java:491)
	at org.jkiss.dbeaver.model.exec.DBExecUtils.tryExecuteRecover(DBExecUtils.java:189)
	at org.jkiss.dbeaver.ui.editors.sql.execute.SQLQueryJob.executeSingleQuery(SQLQueryJob.java:498)
	at org.jkiss.dbeaver.ui.editors.sql.execute.SQLQueryJob.extractData(SQLQueryJob.java:924)
	at org.jkiss.dbeaver.ui.editors.sql.SQLEditor$QueryResultsContainer.readData(SQLEditor.java:3873)
	at org.jkiss.dbeaver.ui.controls.resultset.ResultSetJobDataRead.lambda$0(ResultSetJobDataRead.java:123)
	at org.jkiss.dbeaver.model.exec.DBExecUtils.tryExecuteRecover(DBExecUtils.java:189)
	at org.jkiss.dbeaver.ui.controls.resultset.ResultSetJobDataRead.run(ResultSetJobDataRead.java:121)
	at org.jkiss.dbeaver.ui.controls.resultset.ResultSetViewer$ResultSetDataPumpJob.run(ResultSetViewer.java:5096)
	at org.jkiss.dbeaver.model.runtime.AbstractJob.run(AbstractJob.java:105)
	at org.eclipse.core.internal.jobs.Worker.run(Worker.java:63)
Caused by: java.sql.SQLSyntaxErrorException: Table 'study.tbl_child' doesn't exist
	at com.mysql.cj.jdbc.exceptions.SQLError.createSQLException(SQLError.java:120)
	at com.mysql.cj.jdbc.exceptions.SQLExceptionsMapping.translateException(SQLExceptionsMapping.java:122)
	at com.mysql.cj.jdbc.StatementImpl.executeInternal(StatementImpl.java:763)
	at com.mysql.cj.jdbc.StatementImpl.execute(StatementImpl.java:648)
	at org.jkiss.dbeaver.model.impl.jdbc.exec.JDBCStatementImpl.execute(JDBCStatementImpl.java:330)
	at org.jkiss.dbeaver.model.impl.jdbc.exec.JDBCStatementImpl.executeStatement(JDBCStatementImpl.java:131)
	... 12 more
2023-07-13 08:55:46.702 - Execution context closed (localhost, 5)
2023-07-13 08:55:54.076 - Execution context opened (localhost; SQLEditor <DML.sql>; 6)
2023-07-13 08:58:18.938 - No active connection
2023-07-13 09:00:43.370 - No active connection
2023-07-13 09:13:03.276 - Connect with 'localhost' (mysql8-18929b4e233-55db798c51828db0)
2023-07-13 09:13:03.277 - Execution context opened (localhost; Main; 7)
2023-07-13 09:13:03.287 - Execution context opened (localhost; Metadata; 8)
2023-07-13 09:13:03.315 - Connected (mysql8-18929b4e233-55db798c51828db0, MySQL Connector/J [mysql-connector-java-8.0.29 (Revision: dd61577595edad45c398af508cf91ad26fc4144f)])
2023-07-13 09:13:03.341 - Execution context opened (localhost; SQLEditor <DDL.sql>; 9)
2023-07-13 10:03:39.591 - Execution context closed (localhost, 6)
2023-07-13 10:03:39.695 - Execution context closed (localhost, 9)
2023-07-13 10:03:40.030 - DBeaver is stopping
2023-07-13 10:03:40.033 - Stop RMI server
2023-07-13 10:03:40.034 - RMI controller has been stopped
2023-07-13 10:03:40.035 - DBeaver shutdown completed
