2023-08-16 10:17:26.379 - DBeaver 22.2.1.202209251341 is starting
2023-08-16 10:17:26.379 - OS: Windows 10 10.0 (amd64)
2023-08-16 10:17:26.379 - Java version: 11.0.12 by Eclipse Foundation (64bit)
2023-08-16 10:17:26.379 - Install path: 'C:\kdt_0900_lsh\dbms\mysql\resource\dbeaver'
2023-08-16 10:17:26.379 - Instance path: 'file:/C:/kdt_0900_lsh/dbms/mysql/workspace/'
2023-08-16 10:17:26.379 - Memory available 64Mb/1024Mb
2023-08-16 10:17:26.395 - Create display
2023-08-16 10:17:26.588 - Initializing DBeaver 22.2.1
2023-08-16 10:17:26.588 - Host plugin: org.jkiss.dbeaver.ui.app.standalone 22.2.1.202209251341
2023-08-16 10:17:26.588 - Initialize desktop platform...
2023-08-16 10:17:26.804 - BounceCastle bundle found. Use JCE provider BC
> Start Core File Systems [org.eclipse.core.filesystem 1.9.400.v20220419-0658]
> Start Core Resource Management [org.eclipse.core.resources 3.17.0.v20220517-0751]
> Start DBeaver UI Navigator [org.jkiss.dbeaver.ui.navigator 1.0.90.202209251341]
> Start 팀 지원 핵심 [org.eclipse.team.core 3.9.400.v20220511-1440]
2023-08-16 10:17:27.239 - Initialize base platform...
> Start Expression Language [org.eclipse.core.expressions 3.8.100.v20210910-0640]
2023-08-16 10:17:27.263 - Platform initialized (675ms)
> Start DBeaver UI Editors - Base [org.jkiss.dbeaver.ui.editors.base 1.0.90.202209251341]
2023-08-16 10:17:27.295 - Starting RMI server at 26637
2023-08-16 10:17:27.537 - Run workbench
> Start Eclipse e4 작업영역 SWT [org.eclipse.e4.ui.workbench.swt 0.16.500.v20220506-1520]
> Start Eclipse Application Services [org.eclipse.e4.core.services 2.3.200.v20220513-1235]
> Start Eclipse UI Application Services [org.eclipse.e4.ui.services 1.5.0.v20210115-1333]
> Start EMF XML/XMI Persistence [org.eclipse.emf.ecore.xmi 2.16.0.v20190528-0725]
> Start Eclipse CSS SWT Theme Support [org.eclipse.e4.ui.css.swt.theme 0.13.100.v20220310-1056]
> Start Eclipse e4 작업영역 기능 추가 [org.eclipse.e4.ui.workbench.addons.swt 1.4.400.v20211102-0453]
> Start Eclipse e4 작업영역 SWT 렌더러 [org.eclipse.e4.ui.workbench.renderers.swt 0.15.500.v20220511-1638]
> Start Eclipse Bindings Support [org.eclipse.e4.ui.bindings 0.13.100.v20210722-1426]
> Start Eclipse Dependency Injection Extensions [org.eclipse.e4.core.di.extensions 0.17.100.v20210910-0640]
> Start Eclipse CSS SWT Support [org.eclipse.e4.ui.css.swt 0.14.500.v20220511-1639]
> Start DBeaver UI [org.jkiss.dbeaver.ui 5.1.105.202209251341]
Warning: NLS unused message: BlockedJobsDialog_UserInterfaceTreeElement in: org.eclipse.ui.internal.progress.messages
2023-08-16 10:17:41.168 - Configure workbench window
> Start 도움말 시스템 코어 [org.eclipse.help 3.9.100.v20210721-0601]
2023-08-16 10:17:41.387 - Create actions
2023-08-16 10:17:41.391 - Disable Eclipse action set 'org.eclipse.ui.edit.text.actionSet.annotationNavigation'
2023-08-16 10:17:41.399 - Disable Eclipse action set 'org.eclipse.ui.WorkingSetActionSet'
2023-08-16 10:17:41.399 - Disable Eclipse action set 'org.eclipse.ui.actionSet.openFiles'
2023-08-16 10:17:41.928 - Initialize workbench window
2023-08-16 10:17:41.935 - Finish initialization
> Start 기본 문서 편집기 [org.eclipse.ui.editors 3.14.300.v20210913-0815]
> Start 텍스트 편집기 프레임워크 [org.eclipse.ui.workbench.texteditor 3.16.500.v20220331-0848]
> Start DBeaver UI Editors - Data [org.jkiss.dbeaver.ui.editors.data 1.0.90.202209251341]
> Start DBeaver SQL Model [org.jkiss.dbeaver.model.sql 1.0.80.202209251341]
Warning: NLS unused message: actions_navigator__objects in: org.jkiss.dbeaver.ui.editors.sql.internal.SQLEditorMessages
> Start DBeaver UI Editors - SQL [org.jkiss.dbeaver.ui.editors.sql 1.0.90.202209251341]
> Start 핵심 비교 지원 [org.eclipse.compare.core 3.7.0.v20220513-0551]
> Start Equinox Java Authentication and Authorization Service (JAAS) [org.eclipse.equinox.security 1.3.900.v20220108-1321]
> Start 인터넷 연결 관리 사용자 인터페이스 [org.eclipse.ui.net 1.4.0.v20210426-0838]
> Start Internet Connection Management [org.eclipse.core.net 1.3.1200.v20220312-1450]
2023-08-16 10:17:43.681 - Total database drivers: 100 (100)
> Start DBeaver Sample Database [org.jkiss.dbeaver.ext.sample.database 1.0.127.202209251341]
> Start DBeaver Tip of the day [org.jkiss.dbeaver.ext.ui.tipoftheday 1.0.96.202209251341]
> Start Draw2d [org.eclipse.draw2dl 3.12.100.20220905153936]
> Start GEF3 GEF (MVC) [org.eclipse.gef3 3.12.100.20220905153936]
> Start DBeaver ERD UI [org.jkiss.dbeaver.erd.ui 3.0.50.202209251341]
> Start DBeaver ERD Model [org.jkiss.dbeaver.erd.model 1.0.50.202209251341]
> Start 콘솔 [org.eclipse.ui.console 3.11.200.v20220324-0630]
Warning: NLS unused message: InputStreamMonitor_label in: org.eclipse.debug.internal.core.DebugCoreMessages
Warning: NLS unused message: OutputStreamMonitor_label in: org.eclipse.debug.internal.core.DebugCoreMessages
> Start 디버그 핵심 [org.eclipse.debug.core 3.19.100.v20220324-0630]
2023-08-16 10:17:44.553 - Connect with 'localhost' (mysql8-1894ce35c68-62b89d5de72a2a2a)
> Start DBeaver MySQL Support [org.jkiss.dbeaver.ext.mysql 2.1.175.202209251341]
2023-08-16 10:17:44.591 - Execution context opened (localhost; Main; 0)
> Start DBeaver UI Editors - Connections [org.jkiss.dbeaver.ui.editors.connection 1.0.81.202209251341]
2023-08-16 10:17:46.467 - Open [https://dbeaver.io/product/version.xml]
2023-08-16 10:17:47.012 - Error setting MySQL zeroDateTimeBehavior property default
> Start DBeaver GIS Support [org.jkiss.dbeaver.data.gis 1.0.114.202209251341]
2023-08-16 10:17:50.351 - Connection failed (mysql8-1894ce35c68-62b89d5de72a2a2a)
org.jkiss.dbeaver.model.exec.DBCConnectException: Can't create driver instance
	at org.jkiss.dbeaver.model.impl.jdbc.JDBCDataSource.openConnection(JDBCDataSource.java:164)
	at org.jkiss.dbeaver.ext.mysql.model.MySQLDataSource.openConnection(MySQLDataSource.java:435)
	at org.jkiss.dbeaver.model.impl.jdbc.JDBCExecutionContext.connect(JDBCExecutionContext.java:103)
	at org.jkiss.dbeaver.model.impl.jdbc.JDBCRemoteInstance.initializeMainContext(JDBCRemoteInstance.java:100)
	at org.jkiss.dbeaver.model.impl.jdbc.JDBCRemoteInstance.<init>(JDBCRemoteInstance.java:59)
	at org.jkiss.dbeaver.model.impl.jdbc.JDBCDataSource.initializeRemoteInstance(JDBCDataSource.java:116)
	at org.jkiss.dbeaver.model.impl.jdbc.JDBCDataSource.<init>(JDBCDataSource.java:98)
	at org.jkiss.dbeaver.model.impl.jdbc.JDBCDataSource.<init>(JDBCDataSource.java:90)
	at org.jkiss.dbeaver.ext.mysql.model.MySQLDataSource.<init>(MySQLDataSource.java:92)
	at org.jkiss.dbeaver.ext.mysql.MySQLDataSourceProvider.openDataSource(MySQLDataSourceProvider.java:148)
	at org.jkiss.dbeaver.registry.DataSourceDescriptor.openDataSource(DataSourceDescriptor.java:1044)
	at org.jkiss.dbeaver.registry.DataSourceDescriptor.connect(DataSourceDescriptor.java:959)
	at org.jkiss.dbeaver.runtime.jobs.ConnectJob.run(ConnectJob.java:70)
	at org.jkiss.dbeaver.model.runtime.AbstractJob.run(AbstractJob.java:105)
	at org.eclipse.core.internal.jobs.Worker.run(Worker.java:63)
Caused by: org.jkiss.dbeaver.DBException: Error creating driver 'MySQL' instance.
Most likely required jar files are missing.
You should configure jars in driver settings.

Reason: can't load driver class 'com.mysql.cj.jdbc.Driver'
	at org.jkiss.dbeaver.registry.driver.DriverDescriptor.loadDriver(DriverDescriptor.java:1176)
	at org.jkiss.dbeaver.registry.driver.DriverDescriptor.loadDriver(DriverDescriptor.java:1112)
	at org.jkiss.dbeaver.registry.driver.DriverDescriptor.getDriverInstance(DriverDescriptor.java:671)
	at org.jkiss.dbeaver.model.impl.jdbc.JDBCDataSource.getDriverInstance(JDBCDataSource.java:655)
	at org.jkiss.dbeaver.model.impl.jdbc.JDBCDataSource.openConnection(JDBCDataSource.java:162)
	... 14 more
Caused by: java.lang.ClassNotFoundException: com.mysql.cj.jdbc.Driver
	at java.base/java.net.URLClassLoader.findClass(Unknown Source)
	at java.base/java.lang.ClassLoader.loadClass(Unknown Source)
	at java.base/java.lang.ClassLoader.loadClass(Unknown Source)
	at java.base/java.lang.Class.forName0(Native Method)
	at java.base/java.lang.Class.forName(Unknown Source)
	at org.jkiss.dbeaver.registry.driver.DriverDescriptor.loadDriver(DriverDescriptor.java:1174)
	... 18 more
2023-08-16 10:17:50.359 - org.jkiss.dbeaver.model.exec.DBCConnectException: Can't create driver instance
org.jkiss.dbeaver.model.exec.DBCConnectException: Can't create driver instance
	at org.jkiss.dbeaver.model.impl.jdbc.JDBCDataSource.openConnection(JDBCDataSource.java:164)
	at org.jkiss.dbeaver.ext.mysql.model.MySQLDataSource.openConnection(MySQLDataSource.java:435)
	at org.jkiss.dbeaver.model.impl.jdbc.JDBCExecutionContext.connect(JDBCExecutionContext.java:103)
	at org.jkiss.dbeaver.model.impl.jdbc.JDBCRemoteInstance.initializeMainContext(JDBCRemoteInstance.java:100)
	at org.jkiss.dbeaver.model.impl.jdbc.JDBCRemoteInstance.<init>(JDBCRemoteInstance.java:59)
	at org.jkiss.dbeaver.model.impl.jdbc.JDBCDataSource.initializeRemoteInstance(JDBCDataSource.java:116)
	at org.jkiss.dbeaver.model.impl.jdbc.JDBCDataSource.<init>(JDBCDataSource.java:98)
	at org.jkiss.dbeaver.model.impl.jdbc.JDBCDataSource.<init>(JDBCDataSource.java:90)
	at org.jkiss.dbeaver.ext.mysql.model.MySQLDataSource.<init>(MySQLDataSource.java:92)
	at org.jkiss.dbeaver.ext.mysql.MySQLDataSourceProvider.openDataSource(MySQLDataSourceProvider.java:148)
	at org.jkiss.dbeaver.registry.DataSourceDescriptor.openDataSource(DataSourceDescriptor.java:1044)
	at org.jkiss.dbeaver.registry.DataSourceDescriptor.connect(DataSourceDescriptor.java:959)
	at org.jkiss.dbeaver.runtime.jobs.ConnectJob.run(ConnectJob.java:70)
	at org.jkiss.dbeaver.model.runtime.AbstractJob.run(AbstractJob.java:105)
	at org.eclipse.core.internal.jobs.Worker.run(Worker.java:63)
Caused by: org.jkiss.dbeaver.DBException: Error creating driver 'MySQL' instance.
Most likely required jar files are missing.
You should configure jars in driver settings.

Reason: can't load driver class 'com.mysql.cj.jdbc.Driver'
	at org.jkiss.dbeaver.registry.driver.DriverDescriptor.loadDriver(DriverDescriptor.java:1176)
	at org.jkiss.dbeaver.registry.driver.DriverDescriptor.loadDriver(DriverDescriptor.java:1112)
	at org.jkiss.dbeaver.registry.driver.DriverDescriptor.getDriverInstance(DriverDescriptor.java:671)
	at org.jkiss.dbeaver.model.impl.jdbc.JDBCDataSource.getDriverInstance(JDBCDataSource.java:655)
	at org.jkiss.dbeaver.model.impl.jdbc.JDBCDataSource.openConnection(JDBCDataSource.java:162)
	... 14 more
Caused by: java.lang.ClassNotFoundException: com.mysql.cj.jdbc.Driver
	at java.base/java.net.URLClassLoader.findClass(Unknown Source)
	at java.base/java.lang.ClassLoader.loadClass(Unknown Source)
	at java.base/java.lang.ClassLoader.loadClass(Unknown Source)
	at java.base/java.lang.Class.forName0(Native Method)
	at java.base/java.lang.Class.forName(Unknown Source)
	at org.jkiss.dbeaver.registry.driver.DriverDescriptor.loadDriver(DriverDescriptor.java:1174)
	... 18 more
2023-08-16 10:17:50.392 - Error creating driver 'MySQL' instance.
Most likely required jar files are missing.
You should configure jars in driver settings.

Reason: can't load driver class 'com.mysql.cj.jdbc.Driver'
org.jkiss.dbeaver.DBException: Error creating driver 'MySQL' instance.
Most likely required jar files are missing.
You should configure jars in driver settings.

Reason: can't load driver class 'com.mysql.cj.jdbc.Driver'
	at org.jkiss.dbeaver.registry.driver.DriverDescriptor.loadDriver(DriverDescriptor.java:1176)
	at org.jkiss.dbeaver.registry.driver.DriverDescriptor.loadDriver(DriverDescriptor.java:1112)
	at org.jkiss.dbeaver.registry.driver.DriverDescriptor.getDriverInstance(DriverDescriptor.java:671)
	at org.jkiss.dbeaver.model.impl.jdbc.JDBCDataSource.getDriverInstance(JDBCDataSource.java:655)
	at org.jkiss.dbeaver.model.impl.jdbc.JDBCDataSource.openConnection(JDBCDataSource.java:162)
	at org.jkiss.dbeaver.ext.mysql.model.MySQLDataSource.openConnection(MySQLDataSource.java:435)
	at org.jkiss.dbeaver.model.impl.jdbc.JDBCExecutionContext.connect(JDBCExecutionContext.java:103)
	at org.jkiss.dbeaver.model.impl.jdbc.JDBCRemoteInstance.initializeMainContext(JDBCRemoteInstance.java:100)
	at org.jkiss.dbeaver.model.impl.jdbc.JDBCRemoteInstance.<init>(JDBCRemoteInstance.java:59)
	at org.jkiss.dbeaver.model.impl.jdbc.JDBCDataSource.initializeRemoteInstance(JDBCDataSource.java:116)
	at org.jkiss.dbeaver.model.impl.jdbc.JDBCDataSource.<init>(JDBCDataSource.java:98)
	at org.jkiss.dbeaver.model.impl.jdbc.JDBCDataSource.<init>(JDBCDataSource.java:90)
	at org.jkiss.dbeaver.ext.mysql.model.MySQLDataSource.<init>(MySQLDataSource.java:92)
	at org.jkiss.dbeaver.ext.mysql.MySQLDataSourceProvider.openDataSource(MySQLDataSourceProvider.java:148)
	at org.jkiss.dbeaver.registry.DataSourceDescriptor.openDataSource(DataSourceDescriptor.java:1044)
	at org.jkiss.dbeaver.registry.DataSourceDescriptor.connect(DataSourceDescriptor.java:959)
	at org.jkiss.dbeaver.runtime.jobs.ConnectJob.run(ConnectJob.java:70)
	at org.jkiss.dbeaver.model.runtime.AbstractJob.run(AbstractJob.java:105)
	at org.eclipse.core.internal.jobs.Worker.run(Worker.java:63)
Caused by: java.lang.ClassNotFoundException: com.mysql.cj.jdbc.Driver
	at java.base/java.net.URLClassLoader.findClass(Unknown Source)
	at java.base/java.lang.ClassLoader.loadClass(Unknown Source)
	at java.base/java.lang.ClassLoader.loadClass(Unknown Source)
	at java.base/java.lang.Class.forName0(Native Method)
	at java.base/java.lang.Class.forName(Unknown Source)
	at org.jkiss.dbeaver.registry.driver.DriverDescriptor.loadDriver(DriverDescriptor.java:1174)
	... 18 more
> Start DBeaver MySQL UI Support [org.jkiss.dbeaver.ext.mysql.ui 1.0.82.202209251341]
> Start Java Native Access [com.sun.jna 5.8.0.v20210503-0343]
> Start DBeaver SSH tunnels UI [org.jkiss.dbeaver.net.ssh.ui 1.0.111.202209251341]
> Start DBeaver SSH tunnels [org.jkiss.dbeaver.net.ssh 1.0.111.202209251341]
2023-08-16 10:19:07.322 - Service 'org.jkiss.dbeaver.runtime.ui.UIServiceSecurity' not found
2023-08-16 10:19:26.655 - Problems encountered while moving resources.
org.eclipse.core.internal.resources.ResourceException: Problems encountered while moving resources.
	at org.eclipse.core.internal.resources.Project.move(Project.java:997)
	at org.eclipse.core.internal.resources.Project.move(Project.java:958)
	at org.jkiss.dbeaver.model.navigator.DBNProject.rename(DBNProject.java:155)
	at org.jkiss.dbeaver.ui.navigator.actions.NavigatorHandlerObjectRename.renameNode(NavigatorHandlerObjectRename.java:84)
	at org.jkiss.dbeaver.ui.navigator.actions.NavigatorHandlerObjectRename.execute(NavigatorHandlerObjectRename.java:58)
	at org.eclipse.ui.internal.handlers.HandlerProxy.execute(HandlerProxy.java:283)
	at org.eclipse.ui.internal.handlers.E4HandlerProxy.execute(E4HandlerProxy.java:97)
	at java.base/jdk.internal.reflect.NativeMethodAccessorImpl.invoke0(Native Method)
	at java.base/jdk.internal.reflect.NativeMethodAccessorImpl.invoke(Unknown Source)
	at java.base/jdk.internal.reflect.DelegatingMethodAccessorImpl.invoke(Unknown Source)
	at java.base/java.lang.reflect.Method.invoke(Unknown Source)
	at org.eclipse.e4.core.internal.di.MethodRequestor.execute(MethodRequestor.java:58)
	at org.eclipse.e4.core.internal.di.InjectorImpl.invokeUsingClass(InjectorImpl.java:317)
	at org.eclipse.e4.core.internal.di.InjectorImpl.invoke(InjectorImpl.java:251)
	at org.eclipse.e4.core.contexts.ContextInjectionFactory.invoke(ContextInjectionFactory.java:173)
	at org.eclipse.e4.core.commands.internal.HandlerServiceHandler.execute(HandlerServiceHandler.java:156)
	at org.eclipse.core.commands.Command.executeWithChecks(Command.java:488)
	at org.eclipse.core.commands.ParameterizedCommand.executeWithChecks(ParameterizedCommand.java:485)
	at org.eclipse.e4.core.commands.internal.HandlerServiceImpl.executeHandler(HandlerServiceImpl.java:213)
	at org.eclipse.e4.ui.bindings.keys.KeyBindingDispatcher.executeCommand(KeyBindingDispatcher.java:308)
	at org.eclipse.e4.ui.bindings.keys.KeyBindingDispatcher.press(KeyBindingDispatcher.java:580)
	at org.eclipse.e4.ui.bindings.keys.KeyBindingDispatcher.processKeyEvent(KeyBindingDispatcher.java:647)
	at org.eclipse.e4.ui.bindings.keys.KeyBindingDispatcher.filterKeySequenceBindings(KeyBindingDispatcher.java:439)
	at org.eclipse.e4.ui.bindings.keys.KeyBindingDispatcher$KeyDownFilter.handleEvent(KeyBindingDispatcher.java:96)
	at org.eclipse.swt.widgets.EventTable.sendEvent(EventTable.java:89)
	at org.eclipse.swt.widgets.Display.filterEvent(Display.java:1262)
	at org.eclipse.swt.widgets.Widget.sendEvent(Widget.java:1065)
	at org.eclipse.swt.widgets.Widget.sendEvent(Widget.java:1090)
	at org.eclipse.swt.widgets.Widget.sendEvent(Widget.java:1075)
	at org.eclipse.swt.widgets.Widget.sendKeyEvent(Widget.java:1117)
	at org.eclipse.swt.widgets.Widget.sendKeyEvent(Widget.java:1113)
	at org.eclipse.swt.widgets.Widget.wmKeyDown(Widget.java:1798)
	at org.eclipse.swt.widgets.Control.WM_KEYDOWN(Control.java:5155)
	at org.eclipse.swt.widgets.Tree.WM_KEYDOWN(Tree.java:6191)
	at org.eclipse.swt.widgets.Control.windowProc(Control.java:4778)
	at org.eclipse.swt.widgets.Tree.windowProc(Tree.java:6059)
	at org.eclipse.swt.widgets.Display.windowProc(Display.java:5026)
	at org.eclipse.swt.internal.win32.OS.DispatchMessage(Native Method)
	at org.eclipse.swt.widgets.Display.readAndDispatch(Display.java:3643)
	at org.eclipse.e4.ui.internal.workbench.swt.PartRenderingEngine$5.run(PartRenderingEngine.java:1155)
	at org.eclipse.core.databinding.observable.Realm.runWithDefault(Realm.java:338)
	at org.eclipse.e4.ui.internal.workbench.swt.PartRenderingEngine.run(PartRenderingEngine.java:1046)
	at org.eclipse.e4.ui.internal.workbench.E4Workbench.createAndRunUI(E4Workbench.java:155)
	at org.eclipse.ui.internal.Workbench.lambda$3(Workbench.java:644)
	at org.eclipse.core.databinding.observable.Realm.runWithDefault(Realm.java:338)
	at org.eclipse.ui.internal.Workbench.createAndRunWorkbench(Workbench.java:551)
	at org.eclipse.ui.PlatformUI.createAndRunWorkbench(PlatformUI.java:156)
	at org.jkiss.dbeaver.ui.app.standalone.DBeaverApplication.start(DBeaverApplication.java:284)
	at org.eclipse.equinox.internal.app.EclipseAppHandle.run(EclipseAppHandle.java:203)
	at org.eclipse.core.runtime.internal.adaptor.EclipseAppLauncher.runApplication(EclipseAppLauncher.java:136)
	at org.eclipse.core.runtime.internal.adaptor.EclipseAppLauncher.start(EclipseAppLauncher.java:104)
	at org.eclipse.core.runtime.adaptor.EclipseStarter.run(EclipseStarter.java:402)
	at org.eclipse.core.runtime.adaptor.EclipseStarter.run(EclipseStarter.java:255)
	at java.base/jdk.internal.reflect.NativeMethodAccessorImpl.invoke0(Native Method)
	at java.base/jdk.internal.reflect.NativeMethodAccessorImpl.invoke(Unknown Source)
	at java.base/jdk.internal.reflect.DelegatingMethodAccessorImpl.invoke(Unknown Source)
	at java.base/java.lang.reflect.Method.invoke(Unknown Source)
	at org.eclipse.equinox.launcher.Main.invokeFramework(Main.java:659)
	at org.eclipse.equinox.launcher.Main.basicRun(Main.java:596)
	at org.eclipse.equinox.launcher.Main.run(Main.java:1467)
Contains: Could not move '/Foreign-us'.
org.eclipse.core.runtime.CoreException: Could not move: C:\kdt_0900_lsh\dbms\mysql\workspace\Foreign-us.
	at org.eclipse.core.internal.filesystem.Policy.error(Policy.java:48)
	at org.eclipse.core.internal.filesystem.local.LocalFile.move(LocalFile.java:391)
	at org.eclipse.core.internal.localstore.FileSystemResourceManager.move(FileSystemResourceManager.java:818)
	at org.eclipse.core.internal.resources.ResourceTree.moveProjectContent(ResourceTree.java:769)
	at org.eclipse.core.internal.resources.ResourceTree.standardMoveProject(ResourceTree.java:1093)
	at org.eclipse.core.internal.resources.Project.move(Project.java:990)
	at org.eclipse.core.internal.resources.Project.move(Project.java:958)
	at org.jkiss.dbeaver.model.navigator.DBNProject.rename(DBNProject.java:155)
	at org.jkiss.dbeaver.ui.navigator.actions.NavigatorHandlerObjectRename.renameNode(NavigatorHandlerObjectRename.java:84)
	at org.jkiss.dbeaver.ui.navigator.actions.NavigatorHandlerObjectRename.execute(NavigatorHandlerObjectRename.java:58)
	at org.eclipse.ui.internal.handlers.HandlerProxy.execute(HandlerProxy.java:283)
	at org.eclipse.ui.internal.handlers.E4HandlerProxy.execute(E4HandlerProxy.java:97)
	at java.base/jdk.internal.reflect.NativeMethodAccessorImpl.invoke0(Native Method)
	at java.base/jdk.internal.reflect.NativeMethodAccessorImpl.invoke(Unknown Source)
	at java.base/jdk.internal.reflect.DelegatingMethodAccessorImpl.invoke(Unknown Source)
	at java.base/java.lang.reflect.Method.invoke(Unknown Source)
	at org.eclipse.e4.core.internal.di.MethodRequestor.execute(MethodRequestor.java:58)
	at org.eclipse.e4.core.internal.di.InjectorImpl.invokeUsingClass(InjectorImpl.java:317)
	at org.eclipse.e4.core.internal.di.InjectorImpl.invoke(InjectorImpl.java:251)
	at org.eclipse.e4.core.contexts.ContextInjectionFactory.invoke(ContextInjectionFactory.java:173)
	at org.eclipse.e4.core.commands.internal.HandlerServiceHandler.execute(HandlerServiceHandler.java:156)
	at org.eclipse.core.commands.Command.executeWithChecks(Command.java:488)
	at org.eclipse.core.commands.ParameterizedCommand.executeWithChecks(ParameterizedCommand.java:485)
	at org.eclipse.e4.core.commands.internal.HandlerServiceImpl.executeHandler(HandlerServiceImpl.java:213)
	at org.eclipse.e4.ui.bindings.keys.KeyBindingDispatcher.executeCommand(KeyBindingDispatcher.java:308)
	at org.eclipse.e4.ui.bindings.keys.KeyBindingDispatcher.press(KeyBindingDispatcher.java:580)
	at org.eclipse.e4.ui.bindings.keys.KeyBindingDispatcher.processKeyEvent(KeyBindingDispatcher.java:647)
	at org.eclipse.e4.ui.bindings.keys.KeyBindingDispatcher.filterKeySequenceBindings(KeyBindingDispatcher.java:439)
	at org.eclipse.e4.ui.bindings.keys.KeyBindingDispatcher$KeyDownFilter.handleEvent(KeyBindingDispatcher.java:96)
	at org.eclipse.swt.widgets.EventTable.sendEvent(EventTable.java:89)
	at org.eclipse.swt.widgets.Display.filterEvent(Display.java:1262)
	at org.eclipse.swt.widgets.Widget.sendEvent(Widget.java:1065)
	at org.eclipse.swt.widgets.Widget.sendEvent(Widget.java:1090)
	at org.eclipse.swt.widgets.Widget.sendEvent(Widget.java:1075)
	at org.eclipse.swt.widgets.Widget.sendKeyEvent(Widget.java:1117)
	at org.eclipse.swt.widgets.Widget.sendKeyEvent(Widget.java:1113)
	at org.eclipse.swt.widgets.Widget.wmKeyDown(Widget.java:1798)
	at org.eclipse.swt.widgets.Control.WM_KEYDOWN(Control.java:5155)
	at org.eclipse.swt.widgets.Tree.WM_KEYDOWN(Tree.java:6191)
	at org.eclipse.swt.widgets.Control.windowProc(Control.java:4778)
	at org.eclipse.swt.widgets.Tree.windowProc(Tree.java:6059)
	at org.eclipse.swt.widgets.Display.windowProc(Display.java:5026)
	at org.eclipse.swt.internal.win32.OS.DispatchMessage(Native Method)
	at org.eclipse.swt.widgets.Display.readAndDispatch(Display.java:3643)
	at org.eclipse.e4.ui.internal.workbench.swt.PartRenderingEngine$5.run(PartRenderingEngine.java:1155)
	at org.eclipse.core.databinding.observable.Realm.runWithDefault(Realm.java:338)
	at org.eclipse.e4.ui.internal.workbench.swt.PartRenderingEngine.run(PartRenderingEngine.java:1046)
	at org.eclipse.e4.ui.internal.workbench.E4Workbench.createAndRunUI(E4Workbench.java:155)
	at org.eclipse.ui.internal.Workbench.lambda$3(Workbench.java:644)
	at org.eclipse.core.databinding.observable.Realm.runWithDefault(Realm.java:338)
	at org.eclipse.ui.internal.Workbench.createAndRunWorkbench(Workbench.java:551)
	at org.eclipse.ui.PlatformUI.createAndRunWorkbench(PlatformUI.java:156)
	at org.jkiss.dbeaver.ui.app.standalone.DBeaverApplication.start(DBeaverApplication.java:284)
	at org.eclipse.equinox.internal.app.EclipseAppHandle.run(EclipseAppHandle.java:203)
	at org.eclipse.core.runtime.internal.adaptor.EclipseAppLauncher.runApplication(EclipseAppLauncher.java:136)
	at org.eclipse.core.runtime.internal.adaptor.EclipseAppLauncher.start(EclipseAppLauncher.java:104)
	at org.eclipse.core.runtime.adaptor.EclipseStarter.run(EclipseStarter.java:402)
	at org.eclipse.core.runtime.adaptor.EclipseStarter.run(EclipseStarter.java:255)
	at java.base/jdk.internal.reflect.NativeMethodAccessorImpl.invoke0(Native Method)
	at java.base/jdk.internal.reflect.NativeMethodAccessorImpl.invoke(Unknown Source)
	at java.base/jdk.internal.reflect.DelegatingMethodAccessorImpl.invoke(Unknown Source)
	at java.base/java.lang.reflect.Method.invoke(Unknown Source)
	at org.eclipse.equinox.launcher.Main.invokeFramework(Main.java:659)
	at org.eclipse.equinox.launcher.Main.basicRun(Main.java:596)
	at org.eclipse.equinox.launcher.Main.run(Main.java:1467)
2023-08-16 10:19:37.889 - Service 'org.jkiss.dbeaver.runtime.ui.UIServiceSecurity' not found
> Start DBeaver SSH implementation (SSHJ) [org.jkiss.dbeaver.net.ssh.sshj 1.0.111.202209251341]
> Start DBeaver SSH implementation (JSch) [org.jkiss.dbeaver.net.ssh.jsch 1.1.100.202209251341]
2023-08-16 10:21:30.945 - Creating new SecureRandom.
2023-08-16 10:21:30.977 - No such algorithm: IDEA/CBC/NoPadding
2023-08-16 10:21:30.977 - No such algorithm: IDEA/CTR/NoPadding
2023-08-16 10:21:30.994 - Disabling high-strength ciphers: cipher strengths apparently limited by JCE policy
> Start JSch 핵심 [org.eclipse.jsch.core 1.3.900.v20200422-1935]
2023-08-16 10:21:31.034 - Error loading known hosts: Could not load known_hosts
2023-08-16 10:21:31.050 - Client identity string: SSH-2.0-SSHJ_0.34.0
2023-08-16 10:21:31.074 - Server identity string: SSH-2.0-OpenSSH_8.9p1 Ubuntu-3ubuntu0.3
2023-08-16 10:21:40.595 - Instantiate SSH tunnel
2023-08-16 10:21:40.603 - Listening on localhost/127.0.0.1:29966
2023-08-16 10:21:40.700 - Closing listener on localhost/127.0.0.1:29966
2023-08-16 10:21:40.700 - Server socket closed. Tunnel is terminated
2023-08-16 10:21:40.700 - Disconnected - BY_APPLICATION
2023-08-16 10:21:57.306 - Connect with 'jdbc:mysql://localhost:3306/' (mysql8-189fbef63ea-615c0af09bba67e2)
2023-08-16 10:21:57.306 - Creating new SecureRandom.
2023-08-16 10:21:57.306 - No such algorithm: IDEA/CBC/NoPadding
2023-08-16 10:21:57.306 - No such algorithm: IDEA/CTR/NoPadding
2023-08-16 10:21:57.314 - Disabling high-strength ciphers: cipher strengths apparently limited by JCE policy
2023-08-16 10:21:57.331 - Client identity string: SSH-2.0-SSHJ_0.34.0
2023-08-16 10:21:57.355 - Server identity string: SSH-2.0-OpenSSH_8.9p1 Ubuntu-3ubuntu0.3
2023-08-16 10:21:57.516 - Instantiate SSH tunnel
2023-08-16 10:21:57.516 - Listening on localhost/127.0.0.1:16703
2023-08-16 10:21:57.630 - Execution context opened (jdbc:mysql://localhost:3306/; Main; 1)
2023-08-16 10:21:58.762 - Error setting MySQL zeroDateTimeBehavior property default
2023-08-16 10:21:59.448 - Connection failed (mysql8-189fbef63ea-615c0af09bba67e2)
org.jkiss.dbeaver.model.exec.DBCConnectException: Can't create driver instance
	at org.jkiss.dbeaver.model.impl.jdbc.JDBCDataSource.openConnection(JDBCDataSource.java:164)
	at org.jkiss.dbeaver.ext.mysql.model.MySQLDataSource.openConnection(MySQLDataSource.java:435)
	at org.jkiss.dbeaver.model.impl.jdbc.JDBCExecutionContext.connect(JDBCExecutionContext.java:103)
	at org.jkiss.dbeaver.model.impl.jdbc.JDBCRemoteInstance.initializeMainContext(JDBCRemoteInstance.java:100)
	at org.jkiss.dbeaver.model.impl.jdbc.JDBCRemoteInstance.<init>(JDBCRemoteInstance.java:59)
	at org.jkiss.dbeaver.model.impl.jdbc.JDBCDataSource.initializeRemoteInstance(JDBCDataSource.java:116)
	at org.jkiss.dbeaver.model.impl.jdbc.JDBCDataSource.<init>(JDBCDataSource.java:98)
	at org.jkiss.dbeaver.model.impl.jdbc.JDBCDataSource.<init>(JDBCDataSource.java:90)
	at org.jkiss.dbeaver.ext.mysql.model.MySQLDataSource.<init>(MySQLDataSource.java:92)
	at org.jkiss.dbeaver.ext.mysql.MySQLDataSourceProvider.openDataSource(MySQLDataSourceProvider.java:148)
	at org.jkiss.dbeaver.registry.DataSourceDescriptor.openDataSource(DataSourceDescriptor.java:1044)
	at org.jkiss.dbeaver.registry.DataSourceDescriptor.connect(DataSourceDescriptor.java:959)
	at org.jkiss.dbeaver.runtime.jobs.ConnectJob.run(ConnectJob.java:70)
	at org.jkiss.dbeaver.runtime.jobs.ConnectionTestJob.run(ConnectionTestJob.java:103)
	at org.jkiss.dbeaver.model.runtime.AbstractJob.run(AbstractJob.java:105)
	at org.eclipse.core.internal.jobs.Worker.run(Worker.java:63)
Caused by: org.jkiss.dbeaver.DBException: Error creating driver 'MySQL' instance.
Most likely required jar files are missing.
You should configure jars in driver settings.

Reason: can't load driver class 'com.mysql.cj.jdbc.Driver'
	at org.jkiss.dbeaver.registry.driver.DriverDescriptor.loadDriver(DriverDescriptor.java:1176)
	at org.jkiss.dbeaver.registry.driver.DriverDescriptor.loadDriver(DriverDescriptor.java:1112)
	at org.jkiss.dbeaver.registry.driver.DriverDescriptor.getDriverInstance(DriverDescriptor.java:671)
	at org.jkiss.dbeaver.model.impl.jdbc.JDBCDataSource.getDriverInstance(JDBCDataSource.java:655)
	at org.jkiss.dbeaver.model.impl.jdbc.JDBCDataSource.openConnection(JDBCDataSource.java:162)
	... 15 more
Caused by: java.lang.ClassNotFoundException: com.mysql.cj.jdbc.Driver
	at java.base/java.net.URLClassLoader.findClass(Unknown Source)
	at java.base/java.lang.ClassLoader.loadClass(Unknown Source)
	at java.base/java.lang.ClassLoader.loadClass(Unknown Source)
	at java.base/java.lang.Class.forName0(Native Method)
	at java.base/java.lang.Class.forName(Unknown Source)
	at org.jkiss.dbeaver.registry.driver.DriverDescriptor.loadDriver(DriverDescriptor.java:1174)
	... 19 more
2023-08-16 10:21:59.448 - Closing listener on localhost/127.0.0.1:16703
2023-08-16 10:21:59.448 - Server socket closed. Tunnel is terminated
2023-08-16 10:21:59.448 - Disconnected - BY_APPLICATION
2023-08-16 10:21:59.498 - org.jkiss.dbeaver.model.exec.DBCConnectException: Can't create driver instance
org.jkiss.dbeaver.model.exec.DBCConnectException: Can't create driver instance
	at org.jkiss.dbeaver.model.impl.jdbc.JDBCDataSource.openConnection(JDBCDataSource.java:164)
	at org.jkiss.dbeaver.ext.mysql.model.MySQLDataSource.openConnection(MySQLDataSource.java:435)
	at org.jkiss.dbeaver.model.impl.jdbc.JDBCExecutionContext.connect(JDBCExecutionContext.java:103)
	at org.jkiss.dbeaver.model.impl.jdbc.JDBCRemoteInstance.initializeMainContext(JDBCRemoteInstance.java:100)
	at org.jkiss.dbeaver.model.impl.jdbc.JDBCRemoteInstance.<init>(JDBCRemoteInstance.java:59)
	at org.jkiss.dbeaver.model.impl.jdbc.JDBCDataSource.initializeRemoteInstance(JDBCDataSource.java:116)
	at org.jkiss.dbeaver.model.impl.jdbc.JDBCDataSource.<init>(JDBCDataSource.java:98)
	at org.jkiss.dbeaver.model.impl.jdbc.JDBCDataSource.<init>(JDBCDataSource.java:90)
	at org.jkiss.dbeaver.ext.mysql.model.MySQLDataSource.<init>(MySQLDataSource.java:92)
	at org.jkiss.dbeaver.ext.mysql.MySQLDataSourceProvider.openDataSource(MySQLDataSourceProvider.java:148)
	at org.jkiss.dbeaver.registry.DataSourceDescriptor.openDataSource(DataSourceDescriptor.java:1044)
	at org.jkiss.dbeaver.registry.DataSourceDescriptor.connect(DataSourceDescriptor.java:959)
	at org.jkiss.dbeaver.runtime.jobs.ConnectJob.run(ConnectJob.java:70)
	at org.jkiss.dbeaver.runtime.jobs.ConnectionTestJob.run(ConnectionTestJob.java:103)
	at org.jkiss.dbeaver.model.runtime.AbstractJob.run(AbstractJob.java:105)
	at org.eclipse.core.internal.jobs.Worker.run(Worker.java:63)
Caused by: org.jkiss.dbeaver.DBException: Error creating driver 'MySQL' instance.
Most likely required jar files are missing.
You should configure jars in driver settings.

Reason: can't load driver class 'com.mysql.cj.jdbc.Driver'
	at org.jkiss.dbeaver.registry.driver.DriverDescriptor.loadDriver(DriverDescriptor.java:1176)
	at org.jkiss.dbeaver.registry.driver.DriverDescriptor.loadDriver(DriverDescriptor.java:1112)
	at org.jkiss.dbeaver.registry.driver.DriverDescriptor.getDriverInstance(DriverDescriptor.java:671)
	at org.jkiss.dbeaver.model.impl.jdbc.JDBCDataSource.getDriverInstance(JDBCDataSource.java:655)
	at org.jkiss.dbeaver.model.impl.jdbc.JDBCDataSource.openConnection(JDBCDataSource.java:162)
	... 15 more
Caused by: java.lang.ClassNotFoundException: com.mysql.cj.jdbc.Driver
	at java.base/java.net.URLClassLoader.findClass(Unknown Source)
	at java.base/java.lang.ClassLoader.loadClass(Unknown Source)
	at java.base/java.lang.ClassLoader.loadClass(Unknown Source)
	at java.base/java.lang.Class.forName0(Native Method)
	at java.base/java.lang.Class.forName(Unknown Source)
	at org.jkiss.dbeaver.registry.driver.DriverDescriptor.loadDriver(DriverDescriptor.java:1174)
	... 19 more
2023-08-16 10:21:59.612 - Error creating driver 'MySQL' instance.
Most likely required jar files are missing.
You should configure jars in driver settings.

Reason: can't load driver class 'com.mysql.cj.jdbc.Driver'
org.jkiss.dbeaver.DBException: Error creating driver 'MySQL' instance.
Most likely required jar files are missing.
You should configure jars in driver settings.

Reason: can't load driver class 'com.mysql.cj.jdbc.Driver'
	at org.jkiss.dbeaver.registry.driver.DriverDescriptor.loadDriver(DriverDescriptor.java:1176)
	at org.jkiss.dbeaver.registry.driver.DriverDescriptor.loadDriver(DriverDescriptor.java:1112)
	at org.jkiss.dbeaver.registry.driver.DriverDescriptor.getDriverInstance(DriverDescriptor.java:671)
	at org.jkiss.dbeaver.model.impl.jdbc.JDBCDataSource.getDriverInstance(JDBCDataSource.java:655)
	at org.jkiss.dbeaver.model.impl.jdbc.JDBCDataSource.openConnection(JDBCDataSource.java:162)
	at org.jkiss.dbeaver.ext.mysql.model.MySQLDataSource.openConnection(MySQLDataSource.java:435)
	at org.jkiss.dbeaver.model.impl.jdbc.JDBCExecutionContext.connect(JDBCExecutionContext.java:103)
	at org.jkiss.dbeaver.model.impl.jdbc.JDBCRemoteInstance.initializeMainContext(JDBCRemoteInstance.java:100)
	at org.jkiss.dbeaver.model.impl.jdbc.JDBCRemoteInstance.<init>(JDBCRemoteInstance.java:59)
	at org.jkiss.dbeaver.model.impl.jdbc.JDBCDataSource.initializeRemoteInstance(JDBCDataSource.java:116)
	at org.jkiss.dbeaver.model.impl.jdbc.JDBCDataSource.<init>(JDBCDataSource.java:98)
	at org.jkiss.dbeaver.model.impl.jdbc.JDBCDataSource.<init>(JDBCDataSource.java:90)
	at org.jkiss.dbeaver.ext.mysql.model.MySQLDataSource.<init>(MySQLDataSource.java:92)
	at org.jkiss.dbeaver.ext.mysql.MySQLDataSourceProvider.openDataSource(MySQLDataSourceProvider.java:148)
	at org.jkiss.dbeaver.registry.DataSourceDescriptor.openDataSource(DataSourceDescriptor.java:1044)
	at org.jkiss.dbeaver.registry.DataSourceDescriptor.connect(DataSourceDescriptor.java:959)
	at org.jkiss.dbeaver.runtime.jobs.ConnectJob.run(ConnectJob.java:70)
	at org.jkiss.dbeaver.runtime.jobs.ConnectionTestJob.run(ConnectionTestJob.java:103)
	at org.jkiss.dbeaver.model.runtime.AbstractJob.run(AbstractJob.java:105)
	at org.eclipse.core.internal.jobs.Worker.run(Worker.java:63)
Caused by: java.lang.ClassNotFoundException: com.mysql.cj.jdbc.Driver
	at java.base/java.net.URLClassLoader.findClass(Unknown Source)
	at java.base/java.lang.ClassLoader.loadClass(Unknown Source)
	at java.base/java.lang.ClassLoader.loadClass(Unknown Source)
	at java.base/java.lang.Class.forName0(Native Method)
	at java.base/java.lang.Class.forName(Unknown Source)
	at org.jkiss.dbeaver.registry.driver.DriverDescriptor.loadDriver(DriverDescriptor.java:1174)
	... 19 more
2023-08-16 10:22:11.438 - Connect with 'jdbc:mysql://localhost:3306/' (mysql8-189fbef9ade-2f899262079ee07)
2023-08-16 10:22:11.438 - Creating new SecureRandom.
2023-08-16 10:22:11.442 - No such algorithm: IDEA/CBC/NoPadding
2023-08-16 10:22:11.442 - No such algorithm: IDEA/CTR/NoPadding
2023-08-16 10:22:11.447 - Disabling high-strength ciphers: cipher strengths apparently limited by JCE policy
2023-08-16 10:22:11.461 - Client identity string: SSH-2.0-SSHJ_0.34.0
2023-08-16 10:22:11.480 - Server identity string: SSH-2.0-OpenSSH_8.9p1 Ubuntu-3ubuntu0.3
2023-08-16 10:22:11.687 - Instantiate SSH tunnel
2023-08-16 10:22:11.687 - Listening on localhost/127.0.0.1:15752
2023-08-16 10:22:11.792 - Execution context opened (jdbc:mysql://localhost:3306/; Main; 2)
2023-08-16 10:22:12.469 - Connected (mysql8-189fbef9ade-2f899262079ee07, MySQL Connector/J [mysql-connector-java-8.0.29 (Revision: dd61577595edad45c398af508cf91ad26fc4144f)])
2023-08-16 10:22:12.534 - Execution context closed (jdbc:mysql://localhost:3306/, 2)
2023-08-16 10:22:12.534 - Closing listener on localhost/127.0.0.1:15752
2023-08-16 10:22:12.536 - Server socket closed. Tunnel is terminated
2023-08-16 10:22:12.536 - Disconnected - BY_APPLICATION
2023-08-16 10:22:12.599 - Disconnected (mysql8-189fbef9ade-2f899262079ee07)
2023-08-16 10:23:18.986 - Creating new SecureRandom.
2023-08-16 10:23:18.989 - No such algorithm: IDEA/CBC/NoPadding
2023-08-16 10:23:18.989 - No such algorithm: IDEA/CTR/NoPadding
2023-08-16 10:23:18.992 - Disabling high-strength ciphers: cipher strengths apparently limited by JCE policy
2023-08-16 10:23:19.009 - Client identity string: SSH-2.0-SSHJ_0.34.0
2023-08-16 10:23:19.049 - Server identity string: SSH-2.0-OpenSSH_8.9p1 Ubuntu-3ubuntu0.3
2023-08-16 10:23:19.178 - Instantiate SSH tunnel
2023-08-16 10:23:19.178 - Listening on localhost/127.0.0.1:28889
2023-08-16 10:23:19.284 - Closing listener on localhost/127.0.0.1:28889
2023-08-16 10:23:19.284 - Server socket closed. Tunnel is terminated
2023-08-16 10:23:19.284 - Disconnected - BY_APPLICATION
2023-08-16 10:23:48.644 - Creating new SecureRandom.
2023-08-16 10:23:48.646 - No such algorithm: IDEA/CBC/NoPadding
2023-08-16 10:23:48.647 - No such algorithm: IDEA/CTR/NoPadding
2023-08-16 10:23:48.650 - Disabling high-strength ciphers: cipher strengths apparently limited by JCE policy
2023-08-16 10:23:48.660 - Client identity string: SSH-2.0-SSHJ_0.34.0
2023-08-16 10:23:48.685 - Server identity string: SSH-2.0-OpenSSH_8.9p1 Ubuntu-3ubuntu0.3
2023-08-16 10:23:48.871 - Instantiate SSH tunnel
2023-08-16 10:23:48.871 - Listening on localhost/127.0.0.1:52151
2023-08-16 10:23:48.985 - Closing listener on localhost/127.0.0.1:52151
2023-08-16 10:23:48.985 - Server socket closed. Tunnel is terminated
2023-08-16 10:23:48.985 - Disconnected - BY_APPLICATION
2023-08-16 10:30:35.049 - Connect with 'jdbc:mysql://localhost:3306/' (mysql8-189fbf74a89-4e546dbd9d8ac4a4)
2023-08-16 10:30:35.049 - Creating new SecureRandom.
2023-08-16 10:30:35.049 - No such algorithm: IDEA/CBC/NoPadding
2023-08-16 10:30:35.049 - No such algorithm: IDEA/CTR/NoPadding
2023-08-16 10:30:35.049 - Disabling high-strength ciphers: cipher strengths apparently limited by JCE policy
2023-08-16 10:30:35.073 - Client identity string: SSH-2.0-SSHJ_0.34.0
2023-08-16 10:30:35.098 - Server identity string: SSH-2.0-OpenSSH_8.9p1 Ubuntu-3ubuntu0.3
2023-08-16 10:30:35.254 - Instantiate SSH tunnel
2023-08-16 10:30:35.254 - Listening on localhost/127.0.0.1:55952
2023-08-16 10:30:35.364 - Execution context opened (jdbc:mysql://localhost:3306/; Main; 3)
2023-08-16 10:30:36.072 - Connected (mysql8-189fbf74a89-4e546dbd9d8ac4a4, MySQL Connector/J [mysql-connector-java-8.0.29 (Revision: dd61577595edad45c398af508cf91ad26fc4144f)])
2023-08-16 10:30:36.134 - Execution context closed (jdbc:mysql://localhost:3306/, 3)
2023-08-16 10:30:36.134 - Closing listener on localhost/127.0.0.1:55952
2023-08-16 10:30:36.134 - Server socket closed. Tunnel is terminated
2023-08-16 10:30:36.134 - Disconnected - BY_APPLICATION
2023-08-16 10:30:36.205 - Disconnected (mysql8-189fbf74a89-4e546dbd9d8ac4a4)
2023-08-16 10:33:08.037 - Connect with 'jdbc:mysql://localhost:3306/' (mysql8-189fbf9a037-31a437048abc529d)
2023-08-16 10:33:08.037 - Creating new SecureRandom.
2023-08-16 10:33:08.037 - No such algorithm: IDEA/CBC/NoPadding
2023-08-16 10:33:08.037 - No such algorithm: IDEA/CTR/NoPadding
2023-08-16 10:33:08.053 - Disabling high-strength ciphers: cipher strengths apparently limited by JCE policy
2023-08-16 10:33:08.054 - Client identity string: SSH-2.0-SSHJ_0.34.0
2023-08-16 10:33:08.084 - Server identity string: SSH-2.0-OpenSSH_8.9p1 Ubuntu-3ubuntu0.3
2023-08-16 10:33:08.258 - Instantiate SSH tunnel
2023-08-16 10:33:08.267 - Listening on localhost/127.0.0.1:11444
2023-08-16 10:33:08.370 - Execution context opened (jdbc:mysql://localhost:3306/; Main; 4)
2023-08-16 10:33:09.153 - Connected (mysql8-189fbf9a037-31a437048abc529d, MySQL Connector/J [mysql-connector-java-8.0.29 (Revision: dd61577595edad45c398af508cf91ad26fc4144f)])
2023-08-16 10:33:09.216 - Execution context closed (jdbc:mysql://localhost:3306/, 4)
2023-08-16 10:33:09.216 - Closing listener on localhost/127.0.0.1:11444
2023-08-16 10:33:09.216 - Server socket closed. Tunnel is terminated
2023-08-16 10:33:09.221 - Disconnected - BY_APPLICATION
2023-08-16 10:33:09.279 - Disconnected (mysql8-189fbf9a037-31a437048abc529d)
2023-08-16 17:07:52.742 - DBeaver is stopping
2023-08-16 17:07:52.744 - Stop RMI server
2023-08-16 17:07:52.746 - RMI controller has been stopped
2023-08-16 17:07:52.779 - DBeaver shutdown completed
